[PREINITIALIZATION][CLIENT][INFO] Current loaders after merging: [[preinit]]
[PREINITIALIZATION][CLIENT][INFO] Loading scripts for loader with names [preinit]
[PREINITIALIZATION][CLIENT][INFO] [preinit | SIDE_CLIENT]: Skipping file {[0:crafttweaker]: ae2.zs} as we are currently loading with a different loader
[PREINITIALIZATION][CLIENT][INFO] [preinit | SIDE_CLIENT]: Skipping file {[0:crafttweaker]: angelrings.zs} as we are currently loading with a different loader
[PREINITIALIZATION][CLIENT][INFO] [preinit | SIDE_CLIENT]: Skipping file {[0:crafttweaker]: general.zs} as we are currently loading with a different loader
[PREINITIALIZATION][CLIENT][INFO] [preinit | SIDE_CLIENT]: Skipping file {[0:crafttweaker]: remove.zs} as we are currently loading with a different loader
[PREINITIALIZATION][CLIENT][INFO] Completed script loading in: 3ms
[INITIALIZATION][CLIENT][INFO] CraftTweaker: Building registry
[INITIALIZATION][CLIENT][INFO] CraftTweaker: Successfully built item registry
[INITIALIZATION][CLIENT][INFO] Current loaders after merging: [[preinit], [recipeevent | crafttweaker]]
[INITIALIZATION][CLIENT][INFO] Loading scripts for loader with names [crafttweaker | recipeevent]
[INITIALIZATION][CLIENT][INFO] [crafttweaker | SIDE_CLIENT]: Loading Script: {[0:crafttweaker]: ae2.zs}
[INITIALIZATION][CLIENT][INFO] [crafttweaker | SIDE_CLIENT]: Loading Script: {[0:crafttweaker]: angelrings.zs}
[INITIALIZATION][CLIENT][INFO] Adding Angel Ring to ore dictionary entry angelring
[INITIALIZATION][CLIENT][INFO] Adding Angel Ring to ore dictionary entry angelring
[INITIALIZATION][CLIENT][INFO] Adding Angel Ring to ore dictionary entry angelring
[INITIALIZATION][CLIENT][INFO] Adding Angel Ring to ore dictionary entry angelring
[INITIALIZATION][CLIENT][INFO] Adding Angel Ring to ore dictionary entry angelring
[INITIALIZATION][CLIENT][INFO] Adding Angel Ring to ore dictionary entry angelring
[INITIALIZATION][CLIENT][INFO] [crafttweaker | SIDE_CLIENT]: Loading Script: {[0:crafttweaker]: general.zs}
[INITIALIZATION][CLIENT][INFO] [crafttweaker | SIDE_CLIENT]: Loading Script: {[0:crafttweaker]: remove.zs}
[INITIALIZATION][CLIENT][INFO] Completed script loading in: 493ms
[POSTINITIALIZATION][CLIENT][INFO] Removing recipes for various outputs
[POSTINITIALIZATION][CLIENT][INFO] Adding shaped recipe for Printed Calculation Circuit with name ct_shaped1144602301
[POSTINITIALIZATION][CLIENT][INFO] Adding shaped recipe for Printed Logic Circuit with name ct_shaped1158264603
[POSTINITIALIZATION][CLIENT][INFO] Adding shaped recipe for Printed Engineering Circuit with name ct_shaped850464546
[POSTINITIALIZATION][CLIENT][INFO] Adding shaped recipe for Printed Calculation Circuit with name ct_shaped342472275
[POSTINITIALIZATION][CLIENT][INFO] Adding shaped recipe for Printed Logic Circuit with name ct_shaped-1026716367
[POSTINITIALIZATION][CLIENT][INFO] Adding shaped recipe for Printed Engineering Circuit with name ct_shaped1835531212
[POSTINITIALIZATION][CLIENT][INFO] Adding shapeless recipe for Akashic Tome with name ct_shapeless-462749673
[POSTINITIALIZATION][CLIENT][INFO] Adding shaped recipe for Ender Tank with name ct_shaped-257792584
[AVAILABLE][CLIENT][INFO] Adding description in JEI for: <appliedenergistics2:certus_quartz_cutting_knife>
[AVAILABLE][CLIENT][INFO] Adding description in JEI for: <appliedenergistics2:nether_quartz_cutting_knife>
[AVAILABLE][CLIENT][INFO] Adding description in JEI for: <ore:angelring>
[AVAILABLE][CLIENT][INFO] Hiding item in JEI: <extrautils2:chickenring>
[AVAILABLE][CLIENT][INFO] Hiding item in JEI: <extrautils2:chickenring:1>
[AVAILABLE][CLIENT][INFO] Hiding item in JEI: <extracells:walrus>
[AVAILABLE][CLIENT][INFO] Hiding item in JEI: <cavern:ore_compass>
[AVAILABLE][CLIENT][INFO] Hiding item in JEI: <waystones:waystone>
[AVAILABLE][CLIENT][INFO] Hiding item in JEI: <waystones:warp_stone>
[AVAILABLE][CLIENT][INFO] Fixed the RecipeBook
